00:00:00.005861 main     VirtualBox COM Server 7.0.8 r156879 win.amd64 (Apr 17 2023 16:42:53) release log
00:00:00.005864 main     Log opened 2023-06-16T03:15:56.241135900Z
00:00:00.005865 main     Build Type: release
00:00:00.005898 main     OS Product: Windows 11
00:00:00.005899 main     OS Release: 10.0.22621
00:00:00.005900 main     OS Service Pack: 
00:00:00.032676 main     DMI Product Name: 81LK
00:00:00.046249 main     DMI Product Version: IdeaPad L340-15IRH Gaming
00:00:00.046286 main     Firmware type: UEFI
00:00:00.047264 main     Secure Boot: Enabled
00:00:00.047369 main     Host RAM: 16304MB (15.9GB) total, 6059MB (5.9GB) available
00:00:00.047392 main     Executable: C:\Program Files\Oracle\VirtualBox\VBoxSVC.exe
00:00:00.047392 main     Process ID: 21736
00:00:00.047393 main     Package type: WINDOWS_64BITS_GENERIC
00:00:00.271958          VirtualBox: object creation starts
00:00:00.272527          Home directory: 'C:\Users\lnwre\.VirtualBox'
00:00:00.272709          Installed Drivers:
00:00:00.293301            C:\Windows\system32\DRIVERS\VBoxSup.sys (Version: 7.0.8.6879)
00:00:00.293742            C:\Windows\system32\DRIVERS\VBoxUSBMon.sys (Version: 7.0.8.6879)
00:00:00.294160            C:\Windows\system32\DRIVERS\VBoxNetAdp6.sys (Version: 7.0.8.6879)
00:00:00.294583            C:\Windows\system32\DRIVERS\VBoxNetLwf.sys (Version: 7.0.8.6879)
00:00:00.298984          usbLibGetDevices: Starting USB device enumeration
00:00:00.307029          Getting USB descriptor (id 0) failed (dwErr=31) on hub USB#ROOT_HUB30#4&38d51b6a&0&0#{f18a0e88-c30c-11d0-8815-00a0c906bed8} port 8
00:00:00.307126          Getting USB descriptor (id 0) failed (dwErr=31) on hub USB#ROOT_HUB30#4&38d51b6a&0&0#{f18a0e88-c30c-11d0-8815-00a0c906bed8} port 14
00:00:00.311973          usbLibGetDevices: Found 4 USB devices, 0 captured
00:00:00.312631          USB: Unknown USB device detected (idVendor: 0x04f2, idProduct: 0xb6d9)
00:00:00.312775          USB: Unknown USB device detected (idVendor: 0x8087, idProduct: 0x0aaa)
00:00:00.396084          HostDnsMonitor: initializing
00:00:00.405722          HostDnsMonitor: updating information
00:00:00.405794          HostDnsMonitor: old information
00:00:00.405796            no server entries
00:00:00.405797            no domain set
00:00:00.405798            no search string entries
00:00:00.405798          HostDnsMonitor: new information
00:00:00.405799            server 1: 202.28.50.2
00:00:00.405800            server 2: 202.28.50.9
00:00:00.405800            server 3: 202.28.50.12
00:00:00.405801            domain: ubu.ac.th
00:00:00.405802            no search string entries
00:00:00.505247          VD: VDInit finished with VINF_SUCCESS
00:00:00.508128          VirtualBox: object created
00:00:00.575455          Saving settings file "C:\Users\lnwre\.VirtualBox\VirtualBox.xml" with version "1.12-windows"
00:00:00.578297          Finished saving settings file "C:\Users\lnwre\.VirtualBox\VirtualBox.xml"
00:00:00.578720          Saving settings file "C:\Users\lnwre\.VirtualBox\VirtualBox.xml" with version "1.12-windows"
00:00:00.581912          Finished saving settings file "C:\Users\lnwre\.VirtualBox\VirtualBox.xml"
00:00:00.582189          Saving settings file "C:\Users\lnwre\.VirtualBox\VirtualBox.xml" with version "1.12-windows"
00:00:00.584583          Finished saving settings file "C:\Users\lnwre\.VirtualBox\VirtualBox.xml"
00:00:01.408494          Saving settings file "C:\Users\lnwre\.VirtualBox\VirtualBox.xml" with version "1.12-windows"
00:00:01.411099          Finished saving settings file "C:\Users\lnwre\.VirtualBox\VirtualBox.xml"
00:00:02.198245          Saving settings file "C:\Users\lnwre\.VirtualBox\VirtualBox.xml" with version "1.12-windows"
00:00:02.201557          Finished saving settings file "C:\Users\lnwre\.VirtualBox\VirtualBox.xml"
00:00:02.573047          Saving settings file "C:\Users\lnwre\.VirtualBox\VirtualBox.xml" with version "1.12-windows"
00:00:02.575401          Finished saving settings file "C:\Users\lnwre\.VirtualBox\VirtualBox.xml"
00:00:14.337995          Saving settings file "C:\Users\lnwre\.VirtualBox\VirtualBox.xml" with version "1.12-windows"
00:00:14.353681          Finished saving settings file "C:\Users\lnwre\.VirtualBox\VirtualBox.xml"
00:00:51.077490          Saving settings file "C:\Users\lnwre\.VirtualBox\VirtualBox.xml" with version "1.12-windows"
00:00:51.080309          Finished saving settings file "C:\Users\lnwre\.VirtualBox\VirtualBox.xml"
00:00:51.080551          Saving settings file "C:\Users\lnwre\.VirtualBox\VirtualBox.xml" with version "1.12-windows"
00:00:51.082491          Finished saving settings file "C:\Users\lnwre\.VirtualBox\VirtualBox.xml"
00:00:51.082792          Saving settings file "C:\Users\lnwre\.VirtualBox\VirtualBox.xml" with version "1.12-windows"
00:00:51.085296          Finished saving settings file "C:\Users\lnwre\.VirtualBox\VirtualBox.xml"
00:00:52.421548          Import settings with version "1.15-windows"
00:00:52.422364          ERROR [COM]: aRC=VBOX_E_OBJECT_NOT_FOUND (0x80bb0001) aIID={7682d5eb-f00e-44f1-8ca2-99d08b1cd607} aComponent={VirtualBoxWrap} aText={Could not find a registered machine named 'Windows10'}, preserve=false aResultDetail=0
00:00:52.423325          ERROR [COM]: aRC=VBOX_E_FILE_ERROR (0x80bb0004) aIID={ad47ad09-787b-44ab-b343-a082a3f2dfb1} aComponent={MediumWrap} aText={Could not find file for the medium 'C:\Users\lnwre\VirtualBox VMs\Windows10\Windows10-disk001.vmdk' (VERR_PATH_NOT_FOUND)}, preserve=false aResultDetail=-103
00:04:06.087232          Saving settings file "C:\Users\lnwre\.VirtualBox\VirtualBox.xml" with version "1.12-windows"
00:04:06.238328          Finished saving settings file "C:\Users\lnwre\.VirtualBox\VirtualBox.xml"
00:04:25.444837          Saving settings file "C:\Users\lnwre\.VirtualBox\VirtualBox.xml" with version "1.12-windows"
00:04:25.447299          Finished saving settings file "C:\Users\lnwre\.VirtualBox\VirtualBox.xml"
00:10:07.235419 dns-monitor HostDnsMonitor: updating information
00:10:07.235452 dns-monitor HostDnsMonitor: unchanged
00:11:47.027396 createImport Saving settings file "C:\Users\lnwre\.VirtualBox\VirtualBox.xml" with version "1.12-windows"
00:11:47.029593 createImport Finished saving settings file "C:\Users\lnwre\.VirtualBox\VirtualBox.xml"
00:11:47.065155 ApplImp  Saving settings file "C:\Users\lnwre\VirtualBox VMs\Windows10\Windows10.vbox" with version "1.19-windows"
00:11:47.068237 ApplImp  Finished saving settings file "C:\Users\lnwre\VirtualBox VMs\Windows10\Windows10.vbox"
00:11:47.068413 ApplImp  Saving settings file "C:\Users\lnwre\.VirtualBox\VirtualBox.xml" with version "1.12-windows"
00:11:47.071574 ApplImp  Finished saving settings file "C:\Users\lnwre\.VirtualBox\VirtualBox.xml"
00:11:47.094657          Saving settings file "C:\Users\lnwre\.VirtualBox\VirtualBox.xml" with version "1.12-windows"
00:11:47.097592          Finished saving settings file "C:\Users\lnwre\.VirtualBox\VirtualBox.xml"
00:11:47.097725          Saving settings file "C:\Users\lnwre\.VirtualBox\VirtualBox.xml" with version "1.12-windows"
00:11:47.101527          Finished saving settings file "C:\Users\lnwre\.VirtualBox\VirtualBox.xml"
00:11:47.468039          ERROR [COM]: aRC=VBOX_E_INVALID_VM_STATE (0x80bb0002) aIID={300763af-5d6b-46e6-aa96-273eac15538a} aComponent={MachineWrap} aText={The machine is not mutable (state is PoweredOff)}, preserve=false aResultDetail=0
00:11:47.468782          ERROR [COM]: aRC=VBOX_E_INVALID_VM_STATE (0x80bb0002) aIID={300763af-5d6b-46e6-aa96-273eac15538a} aComponent={MachineWrap} aText={The machine is not mutable (state is PoweredOff)}, preserve=false aResultDetail=0
00:11:47.655828          ERROR [COM]: aRC=VBOX_E_INVALID_VM_STATE (0x80bb0002) aIID={300763af-5d6b-46e6-aa96-273eac15538a} aComponent={MachineWrap} aText={The machine is not mutable (state is PoweredOff)}, preserve=false aResultDetail=0
00:11:47.656066          ERROR [COM]: aRC=VBOX_E_INVALID_VM_STATE (0x80bb0002) aIID={300763af-5d6b-46e6-aa96-273eac15538a} aComponent={MachineWrap} aText={The machine is not mutable (state is PoweredOff)}, preserve=false aResultDetail=0
00:13:08.555792          Saving settings file "C:\Users\lnwre\.VirtualBox\VirtualBox.xml" with version "1.12-windows"
00:13:08.557959          Finished saving settings file "C:\Users\lnwre\.VirtualBox\VirtualBox.xml"
00:13:09.910565          ERROR [COM]: aRC=VBOX_E_OBJECT_NOT_FOUND (0x80bb0001) aIID={5bfd8965-b81b-469f-8649-f717ce97a5d5} aComponent={NvramStoreWrap} aText={The UEFI NVRAM file is not existing for this machine.}, preserve=false aResultDetail=0
00:13:09.927273          ERROR [COM]: aRC=VBOX_E_INVALID_VM_STATE (0x80bb0002) aIID={300763af-5d6b-46e6-aa96-273eac15538a} aComponent={MachineWrap} aText={The machine is not mutable (state is PoweredOff)}, preserve=false aResultDetail=0
00:13:09.954748          Saving settings file "C:\Users\lnwre\.VirtualBox\VirtualBox.xml" with version "1.12-windows"
00:13:09.957013          Finished saving settings file "C:\Users\lnwre\.VirtualBox\VirtualBox.xml"
00:13:09.957990          Saving settings file "C:\Users\lnwre\.VirtualBox\VirtualBox.xml" with version "1.12-windows"
00:13:09.960731          Finished saving settings file "C:\Users\lnwre\.VirtualBox\VirtualBox.xml"
00:13:09.962088          Saving settings file "C:\Users\lnwre\.VirtualBox\VirtualBox.xml" with version "1.12-windows"
00:13:09.965062          Finished saving settings file "C:\Users\lnwre\.VirtualBox\VirtualBox.xml"
00:13:09.966189          Saving settings file "C:\Users\lnwre\.VirtualBox\VirtualBox.xml" with version "1.12-windows"
00:13:09.969027          Finished saving settings file "C:\Users\lnwre\.VirtualBox\VirtualBox.xml"
00:13:09.970709          Saving settings file "C:\Users\lnwre\.VirtualBox\VirtualBox.xml" with version "1.12-windows"
00:13:09.973783          Finished saving settings file "C:\Users\lnwre\.VirtualBox\VirtualBox.xml"
00:13:10.108160          ERROR [COM]: aRC=VBOX_E_INVALID_VM_STATE (0x80bb0002) aIID={300763af-5d6b-46e6-aa96-273eac15538a} aComponent={MachineWrap} aText={The machine is not mutable (state is PoweredOff)}, preserve=false aResultDetail=0
00:13:10.116743          ERROR [COM]: aRC=VBOX_E_INVALID_VM_STATE (0x80bb0002) aIID={300763af-5d6b-46e6-aa96-273eac15538a} aComponent={MachineWrap} aText={The machine is not mutable (state is PoweredOff)}, preserve=false aResultDetail=0
00:14:52.294406          ERROR [COM]: aRC=VBOX_E_OBJECT_NOT_FOUND (0x80bb0001) aIID={5bfd8965-b81b-469f-8649-f717ce97a5d5} aComponent={NvramStoreWrap} aText={The UEFI NVRAM file is not existing for this machine.}, preserve=false aResultDetail=0
00:14:52.308950          ERROR [COM]: aRC=VBOX_E_INVALID_VM_STATE (0x80bb0002) aIID={300763af-5d6b-46e6-aa96-273eac15538a} aComponent={MachineWrap} aText={The machine is not mutable (state is PoweredOff)}, preserve=false aResultDetail=0
00:14:52.483821          ERROR [COM]: aRC=VBOX_E_INVALID_VM_STATE (0x80bb0002) aIID={300763af-5d6b-46e6-aa96-273eac15538a} aComponent={MachineWrap} aText={The machine is not mutable (state is PoweredOff)}, preserve=false aResultDetail=0
00:14:52.490435          ERROR [COM]: aRC=VBOX_E_INVALID_VM_STATE (0x80bb0002) aIID={300763af-5d6b-46e6-aa96-273eac15538a} aComponent={MachineWrap} aText={The machine is not mutable (state is PoweredOff)}, preserve=false aResultDetail=0
00:14:52.498269          ERROR [COM]: aRC=VBOX_E_INVALID_VM_STATE (0x80bb0002) aIID={300763af-5d6b-46e6-aa96-273eac15538a} aComponent={MachineWrap} aText={The machine is not mutable (state is PoweredOff)}, preserve=false aResultDetail=0
00:15:21.918246          ERROR [COM]: aRC=VBOX_E_INVALID_VM_STATE (0x80bb0002) aIID={300763af-5d6b-46e6-aa96-273eac15538a} aComponent={MachineWrap} aText={The machine is not mutable (state is PoweredOff)}, preserve=false aResultDetail=0
00:15:21.972789          Saving settings file "C:\Users\lnwre\VirtualBox VMs\Windows10\Windows10.vbox" with version "1.19-windows"
00:15:21.975713          Finished saving settings file "C:\Users\lnwre\VirtualBox VMs\Windows10\Windows10.vbox"
00:15:22.005096          ERROR [COM]: aRC=VBOX_E_INVALID_VM_STATE (0x80bb0002) aIID={300763af-5d6b-46e6-aa96-273eac15538a} aComponent={MachineWrap} aText={The machine is not mutable (state is PoweredOff)}, preserve=false aResultDetail=0
00:15:22.034110          ERROR [COM]: aRC=VBOX_E_INVALID_VM_STATE (0x80bb0002) aIID={300763af-5d6b-46e6-aa96-273eac15538a} aComponent={MachineWrap} aText={The machine is not mutable (state is PoweredOff)}, preserve=false aResultDetail=0
00:15:35.277375          Launched VM: 3509532208 pid: 20256 (0x4f20) frontend: GUI/Qt name: Windows10
00:15:35.298942          ERROR [COM]: aRC=VBOX_E_INVALID_VM_STATE (0x80bb0002) aIID={300763af-5d6b-46e6-aa96-273eac15538a} aComponent={MachineWrap} aText={The machine is not mutable (state is PoweredOff)}, preserve=false aResultDetail=0
00:15:35.299152          ERROR [COM]: aRC=VBOX_E_INVALID_VM_STATE (0x80bb0002) aIID={300763af-5d6b-46e6-aa96-273eac15538a} aComponent={MachineWrap} aText={The machine is not mutable (state is PoweredOff)}, preserve=false aResultDetail=0
00:15:47.026452          ERROR [COM]: aRC=VBOX_E_INVALID_VM_STATE (0x80bb0002) aIID={300763af-5d6b-46e6-aa96-273eac15538a} aComponent={MachineWrap} aText={The machine is not mutable (state is PoweredOff)}, preserve=false aResultDetail=0
00:15:47.026669          ERROR [COM]: aRC=VBOX_E_INVALID_VM_STATE (0x80bb0002) aIID={300763af-5d6b-46e6-aa96-273eac15538a} aComponent={MachineWrap} aText={The machine is not mutable (state is PoweredOff)}, preserve=false aResultDetail=0
00:15:47.745175          ERROR [COM]: aRC=VBOX_E_OBJECT_NOT_FOUND (0x80bb0001) aIID={70401eef-c8e9-466b-9660-45cb3e9979e4} aComponent={ExtPackManagerWrap} aText={No extension pack by the name 'Oracle VM VirtualBox Extension Pack' was found}, preserve=false aResultDetail=0
00:15:50.431742          ERROR [COM]: aRC=VBOX_E_IPRT_ERROR (0x80bb0005) aIID={300763af-5d6b-46e6-aa96-273eac15538a} aComponent={SessionMachine} aText={Saved screenshot data is not available (VERR_NOT_SUPPORTED)}, preserve=false aResultDetail=-37
00:15:50.749976          ERROR [COM]: aRC=VBOX_E_INVALID_VM_STATE (0x80bb0002) aIID={300763af-5d6b-46e6-aa96-273eac15538a} aComponent={MachineWrap} aText={The machine is not mutable (state is Starting)}, preserve=false aResultDetail=0
00:15:50.750081          ERROR [COM]: aRC=VBOX_E_INVALID_VM_STATE (0x80bb0002) aIID={300763af-5d6b-46e6-aa96-273eac15538a} aComponent={MachineWrap} aText={The machine is not mutable (state is Starting)}, preserve=false aResultDetail=0
00:15:50.774921          ERROR [COM]: aRC=VBOX_E_INVALID_VM_STATE (0x80bb0002) aIID={300763af-5d6b-46e6-aa96-273eac15538a} aComponent={SessionMachine} aText={The machine is not mutable or saved (state is Starting)}, preserve=false aResultDetail=0
00:15:50.778345          Saving settings file "C:\Users\lnwre\VirtualBox VMs\Windows10\Windows10.vbox" with version "1.19-windows"
00:15:50.782753          Finished saving settings file "C:\Users\lnwre\VirtualBox VMs\Windows10\Windows10.vbox"
00:15:50.799739          ERROR [COM]: aRC=VBOX_E_INVALID_VM_STATE (0x80bb0002) aIID={300763af-5d6b-46e6-aa96-273eac15538a} aComponent={MachineWrap} aText={The machine is not mutable (state is Starting)}, preserve=false aResultDetail=0
00:15:50.800644          ERROR [COM]: aRC=VBOX_E_INVALID_VM_STATE (0x80bb0002) aIID={300763af-5d6b-46e6-aa96-273eac15538a} aComponent={MachineWrap} aText={The machine is not mutable (state is Starting)}, preserve=false aResultDetail=0
00:15:53.834150          ERROR [COM]: aRC=VBOX_E_OBJECT_NOT_FOUND (0x80bb0001) aIID={ad47ad09-787b-44ab-b343-a082a3f2dfb1} aComponent={MediumWrap} aText={Property 'CRYPT/KeyId' does not exist}, preserve=false aResultDetail=0
00:15:53.956755          ERROR [COM]: aRC=VBOX_E_INVALID_VM_STATE (0x80bb0002) aIID={300763af-5d6b-46e6-aa96-273eac15538a} aComponent={MachineWrap} aText={The machine is not mutable (state is Running)}, preserve=false aResultDetail=0
00:15:53.959706          ERROR [COM]: aRC=VBOX_E_INVALID_VM_STATE (0x80bb0002) aIID={300763af-5d6b-46e6-aa96-273eac15538a} aComponent={MachineWrap} aText={The machine is not mutable (state is Running)}, preserve=false aResultDetail=0
00:15:56.700888          Saving settings file "C:\Users\lnwre\VirtualBox VMs\Windows10\Windows10.vbox" with version "1.19-windows"
00:15:56.704395          Finished saving settings file "C:\Users\lnwre\VirtualBox VMs\Windows10\Windows10.vbox"
00:15:56.718477          ERROR [COM]: aRC=VBOX_E_INVALID_VM_STATE (0x80bb0002) aIID={300763af-5d6b-46e6-aa96-273eac15538a} aComponent={MachineWrap} aText={The machine is not mutable (state is Running)}, preserve=false aResultDetail=0
00:15:56.718709          ERROR [COM]: aRC=VBOX_E_INVALID_VM_STATE (0x80bb0002) aIID={300763af-5d6b-46e6-aa96-273eac15538a} aComponent={MachineWrap} aText={The machine is not mutable (state is Running)}, preserve=false aResultDetail=0
00:15:57.074892          Saving settings file "C:\Users\lnwre\VirtualBox VMs\Windows10\Windows10.vbox" with version "1.19-windows"
00:15:57.078370          Finished saving settings file "C:\Users\lnwre\VirtualBox VMs\Windows10\Windows10.vbox"
00:15:57.089446          ERROR [COM]: aRC=VBOX_E_INVALID_VM_STATE (0x80bb0002) aIID={300763af-5d6b-46e6-aa96-273eac15538a} aComponent={MachineWrap} aText={The machine is not mutable (state is Running)}, preserve=false aResultDetail=0
00:15:57.089532          ERROR [COM]: aRC=VBOX_E_INVALID_VM_STATE (0x80bb0002) aIID={300763af-5d6b-46e6-aa96-273eac15538a} aComponent={MachineWrap} aText={The machine is not mutable (state is Running)}, preserve=false aResultDetail=0
00:16:21.509972          Saving settings file "C:\Users\lnwre\VirtualBox VMs\Windows10\Windows10.vbox" with version "1.19-windows"
00:16:21.513514          Finished saving settings file "C:\Users\lnwre\VirtualBox VMs\Windows10\Windows10.vbox"
00:16:21.531043          ERROR [COM]: aRC=VBOX_E_INVALID_VM_STATE (0x80bb0002) aIID={300763af-5d6b-46e6-aa96-273eac15538a} aComponent={MachineWrap} aText={The machine is not mutable (state is Running)}, preserve=false aResultDetail=0
00:16:21.531434          ERROR [COM]: aRC=VBOX_E_INVALID_VM_STATE (0x80bb0002) aIID={300763af-5d6b-46e6-aa96-273eac15538a} aComponent={MachineWrap} aText={The machine is not mutable (state is Running)}, preserve=false aResultDetail=0
00:17:37.340178          Saving settings file "C:\Users\lnwre\VirtualBox VMs\Windows10\Windows10.vbox" with version "1.19-windows"
00:17:37.343807          Finished saving settings file "C:\Users\lnwre\VirtualBox VMs\Windows10\Windows10.vbox"
00:17:37.354351          ERROR [COM]: aRC=VBOX_E_INVALID_VM_STATE (0x80bb0002) aIID={300763af-5d6b-46e6-aa96-273eac15538a} aComponent={MachineWrap} aText={The machine is not mutable (state is Running)}, preserve=false aResultDetail=0
00:17:37.357746          ERROR [COM]: aRC=VBOX_E_INVALID_VM_STATE (0x80bb0002) aIID={300763af-5d6b-46e6-aa96-273eac15538a} aComponent={MachineWrap} aText={The machine is not mutable (state is Running)}, preserve=false aResultDetail=0
00:18:30.164875          Saving settings file "C:\Users\lnwre\.VirtualBox\VirtualBox.xml" with version "1.12-windows"
00:18:30.167770          Finished saving settings file "C:\Users\lnwre\.VirtualBox\VirtualBox.xml"
00:33:15.918746          Saving settings file "C:\Users\lnwre\VirtualBox VMs\Windows10\Windows10.vbox" with version "1.19-windows"
00:33:15.923364          Finished saving settings file "C:\Users\lnwre\VirtualBox VMs\Windows10\Windows10.vbox"
00:33:15.941611          ERROR [COM]: aRC=VBOX_E_INVALID_VM_STATE (0x80bb0002) aIID={300763af-5d6b-46e6-aa96-273eac15538a} aComponent={MachineWrap} aText={The machine is not mutable (state is Running)}, preserve=false aResultDetail=0
00:33:15.941685          ERROR [COM]: aRC=VBOX_E_INVALID_VM_STATE (0x80bb0002) aIID={300763af-5d6b-46e6-aa96-273eac15538a} aComponent={MachineWrap} aText={The machine is not mutable (state is Running)}, preserve=false aResultDetail=0
00:40:07.326406 dns-monitor HostDnsMonitor: updating information
00:40:07.326474 dns-monitor HostDnsMonitor: unchanged
00:44:33.486529 dns-monitor HostDnsMonitor: updating information
00:44:33.486656 dns-monitor HostDnsMonitor: old information
00:44:33.486671 dns-monitor   server 1: 202.28.50.2
00:44:33.486698 dns-monitor   server 2: 202.28.50.9
00:44:33.486711 dns-monitor   server 3: 202.28.50.12
00:44:33.486719 dns-monitor   domain: ubu.ac.th
00:44:33.486725 dns-monitor   no search string entries
00:44:33.486731 dns-monitor HostDnsMonitor: new information
00:44:33.486739 dns-monitor   server 1: 192.168.1.1
00:44:33.486746 dns-monitor   server 2: 202.28.50.2
00:44:33.486754 dns-monitor   server 3: 202.28.50.9
00:44:33.486761 dns-monitor   server 4: 202.28.50.12
00:44:33.486768 dns-monitor   domain: home
00:44:33.486774 dns-monitor   search string 1: home
00:44:33.486780 dns-monitor   search string 2: ubu.ac.th
00:44:53.091013 USBPROXY usbLibGetDevices: Starting USB device enumeration
00:44:53.098852 USBPROXY Getting USB descriptor (id 0) failed (dwErr=31) on hub USB#ROOT_HUB30#4&38d51b6a&0&0#{f18a0e88-c30c-11d0-8815-00a0c906bed8} port 14
00:44:53.099189 USBPROXY usbLibGetDevices: Found 3 USB devices, 0 captured
00:44:54.214165 USBPROXY usbLibGetDevices: Starting USB device enumeration
00:44:54.223041 USBPROXY Getting USB descriptor (id 0) failed (dwErr=31) on hub USB#ROOT_HUB30#4&38d51b6a&0&0#{f18a0e88-c30c-11d0-8815-00a0c906bed8} port 14
00:44:54.223412 USBPROXY usbLibGetDevices: Found 3 USB devices, 0 captured
00:44:55.680294 USBPROXY usbLibGetDevices: Starting USB device enumeration
00:44:55.690799 USBPROXY Getting USB descriptor (id 0) failed (dwErr=31) on hub USB#ROOT_HUB30#4&38d51b6a&0&0#{f18a0e88-c30c-11d0-8815-00a0c906bed8} port 14
00:44:55.690976 USBPROXY usbLibGetDevices: Found 4 USB devices, 0 captured
00:44:57.095048 USBPROXY usbLibGetDevices: Starting USB device enumeration
00:44:57.106413 USBPROXY Getting USB descriptor (id 0) failed (dwErr=31) on hub USB#ROOT_HUB30#4&38d51b6a&0&0#{f18a0e88-c30c-11d0-8815-00a0c906bed8} port 14
00:44:57.107033 USBPROXY usbLibGetDevices: Found 4 USB devices, 0 captured
00:44:58.240972 USBPROXY usbLibGetDevices: Starting USB device enumeration
00:44:58.251031 USBPROXY Getting USB descriptor (id 0) failed (dwErr=31) on hub USB#ROOT_HUB30#4&38d51b6a&0&0#{f18a0e88-c30c-11d0-8815-00a0c906bed8} port 14
00:44:58.251341 USBPROXY usbLibGetDevices: Found 4 USB devices, 0 captured
00:45:12.970449 USBPROXY usbLibGetDevices: Starting USB device enumeration
00:45:12.983356 USBPROXY Getting USB descriptor (id 0) failed (dwErr=31) on hub USB#ROOT_HUB30#4&38d51b6a&0&0#{f18a0e88-c30c-11d0-8815-00a0c906bed8} port 14
00:45:12.984219 USBPROXY usbLibGetDevices: Found 4 USB devices, 0 captured
00:45:17.153948 USBPROXY usbLibGetDevices: Starting USB device enumeration
00:45:17.161946 USBPROXY Getting USB descriptor (id 0) failed (dwErr=31) on hub USB#ROOT_HUB30#4&38d51b6a&0&0#{f18a0e88-c30c-11d0-8815-00a0c906bed8} port 14
00:45:17.162145 USBPROXY usbLibGetDevices: Found 3 USB devices, 0 captured
00:45:17.985685 USBPROXY usbLibGetDevices: Starting USB device enumeration
00:45:17.997264 USBPROXY Getting USB descriptor (id 0) failed (dwErr=31) on hub USB#ROOT_HUB30#4&38d51b6a&0&0#{f18a0e88-c30c-11d0-8815-00a0c906bed8} port 14
00:45:17.997541 USBPROXY usbLibGetDevices: Found 4 USB devices, 0 captured
00:45:19.978619 USBPROXY usbLibGetDevices: Starting USB device enumeration
00:45:19.986489 USBPROXY Getting USB descriptor (id 0) failed (dwErr=31) on hub USB#ROOT_HUB30#4&38d51b6a&0&0#{f18a0e88-c30c-11d0-8815-00a0c906bed8} port 14
00:45:19.986754 USBPROXY usbLibGetDevices: Found 3 USB devices, 0 captured
00:45:20.704130 USBPROXY usbLibGetDevices: Starting USB device enumeration
00:45:20.712489 USBPROXY Getting USB descriptor (id 0) failed (dwErr=31) on hub USB#ROOT_HUB30#4&38d51b6a&0&0#{f18a0e88-c30c-11d0-8815-00a0c906bed8} port 14
00:45:20.712672 USBPROXY usbLibGetDevices: Found 3 USB devices, 0 captured
00:45:22.160047 USBPROXY usbLibGetDevices: Starting USB device enumeration
00:45:22.168316 USBPROXY Getting USB descriptor (id 0) failed (dwErr=31) on hub USB#ROOT_HUB30#4&38d51b6a&0&0#{f18a0e88-c30c-11d0-8815-00a0c906bed8} port 14
00:45:22.168613 USBPROXY usbLibGetDevices: Found 3 USB devices, 0 captured
00:45:26.092584 dns-monitor HostDnsMonitor: updating information
00:45:26.092707 dns-monitor HostDnsMonitor: old information
00:45:26.092726 dns-monitor   server 1: 192.168.1.1
00:45:26.092734 dns-monitor   server 2: 202.28.50.2
00:45:26.092741 dns-monitor   server 3: 202.28.50.9
00:45:26.092745 dns-monitor   server 4: 202.28.50.12
00:45:26.092748 dns-monitor   domain: home
00:45:26.092752 dns-monitor   search string 1: home
00:45:26.092756 dns-monitor   search string 2: ubu.ac.th
00:45:26.092760 dns-monitor HostDnsMonitor: new information
00:45:26.092763 dns-monitor   server 1: 202.28.50.2
00:45:26.092767 dns-monitor   server 2: 202.28.50.9
00:45:26.092771 dns-monitor   server 3: 202.28.50.12
00:45:26.092774 dns-monitor   domain: ubu.ac.th
00:45:26.092778 dns-monitor   no search string entries
00:45:55.131265 USBPROXY usbLibGetDevices: Starting USB device enumeration
00:45:55.141077 USBPROXY Getting USB descriptor (id 0) failed (dwErr=31) on hub USB#ROOT_HUB30#4&38d51b6a&0&0#{f18a0e88-c30c-11d0-8815-00a0c906bed8} port 14
00:45:55.141266 USBPROXY usbLibGetDevices: Found 4 USB devices, 0 captured
00:52:47.308168 USBPROXY usbLibGetDevices: Starting USB device enumeration
00:52:47.362074 USBPROXY Getting USB descriptor (id 0) failed (dwErr=31) on hub USB#ROOT_HUB30#4&38d51b6a&0&0#{f18a0e88-c30c-11d0-8815-00a0c906bed8} port 14
00:52:47.362898 USBPROXY usbLibGetDevices: Found 3 USB devices, 0 captured
00:52:47.970188 USBPROXY usbLibGetDevices: Starting USB device enumeration
00:52:47.992442 USBPROXY Getting USB descriptor (id 0) failed (dwErr=31) on hub USB#ROOT_HUB30#4&38d51b6a&0&0#{f18a0e88-c30c-11d0-8815-00a0c906bed8} port 14
00:52:47.993580 USBPROXY usbLibGetDevices: Found 3 USB devices, 0 captured
00:52:48.591043 USBPROXY usbLibGetDevices: Starting USB device enumeration
00:52:48.599065 USBPROXY Getting USB descriptor (id 0) failed (dwErr=31) on hub USB#ROOT_HUB30#4&38d51b6a&0&0#{f18a0e88-c30c-11d0-8815-00a0c906bed8} port 14
00:52:48.599294 USBPROXY usbLibGetDevices: Found 3 USB devices, 0 captured
00:52:49.246045 USBPROXY usbLibGetDevices: Starting USB device enumeration
00:52:49.268491 USBPROXY Getting USB descriptor (id 0) failed (dwErr=31) on hub USB#ROOT_HUB30#4&38d51b6a&0&0#{f18a0e88-c30c-11d0-8815-00a0c906bed8} port 14
00:52:49.268711 USBPROXY usbLibGetDevices: Found 2 USB devices, 0 captured
00:53:49.663155 dns-monitor HostDnsMonitor: updating information
00:53:49.663197 dns-monitor HostDnsMonitor: old information
00:53:49.663203 dns-monitor   server 1: 202.28.50.2
00:53:49.663208 dns-monitor   server 2: 202.28.50.9
00:53:49.663212 dns-monitor   server 3: 202.28.50.12
00:53:49.663215 dns-monitor   domain: ubu.ac.th
00:53:49.663219 dns-monitor   no search string entries
00:53:49.663223 dns-monitor HostDnsMonitor: new information
00:53:49.663226 dns-monitor   server 1: 192.168.1.1
00:53:49.663230 dns-monitor   server 2: 202.28.50.2
00:53:49.663233 dns-monitor   server 3: 202.28.50.9
00:53:49.663237 dns-monitor   server 4: 202.28.50.12
00:53:49.663241 dns-monitor   domain: home
00:53:49.663244 dns-monitor   search string 1: home
00:53:49.663248 dns-monitor   search string 2: ubu.ac.th
00:54:22.635281 dns-monitor HostDnsMonitor: updating information
00:54:22.635339 dns-monitor HostDnsMonitor: unchanged
00:59:06.619052          ERROR [COM]: aRC=VBOX_E_INVALID_VM_STATE (0x80bb0002) aIID={300763af-5d6b-46e6-aa96-273eac15538a} aComponent={SessionMachine} aText={The machine is not mutable (state is Running)}, preserve=false aResultDetail=0
00:59:31.744344          Saving settings file "C:\Users\lnwre\VirtualBox VMs\Windows10\Windows10.vbox" with version "1.19-windows"
00:59:31.748216          Finished saving settings file "C:\Users\lnwre\VirtualBox VMs\Windows10\Windows10.vbox"
00:59:31.769516          ERROR [COM]: aRC=VBOX_E_INVALID_VM_STATE (0x80bb0002) aIID={300763af-5d6b-46e6-aa96-273eac15538a} aComponent={MachineWrap} aText={The machine is not mutable (state is Running)}, preserve=false aResultDetail=0
00:59:31.770536          ERROR [COM]: aRC=VBOX_E_INVALID_VM_STATE (0x80bb0002) aIID={300763af-5d6b-46e6-aa96-273eac15538a} aComponent={MachineWrap} aText={The machine is not mutable (state is Running)}, preserve=false aResultDetail=0
00:59:39.087344          ERROR [COM]: aRC=VBOX_E_INVALID_VM_STATE (0x80bb0002) aIID={300763af-5d6b-46e6-aa96-273eac15538a} aComponent={SessionMachine} aText={The machine is not mutable (state is Running)}, preserve=false aResultDetail=0
00:59:46.582235          Saving settings file "C:\Users\lnwre\VirtualBox VMs\Windows10\Windows10.vbox" with version "1.19-windows"
00:59:46.586165          Finished saving settings file "C:\Users\lnwre\VirtualBox VMs\Windows10\Windows10.vbox"
00:59:46.610677          ERROR [COM]: aRC=VBOX_E_INVALID_VM_STATE (0x80bb0002) aIID={300763af-5d6b-46e6-aa96-273eac15538a} aComponent={MachineWrap} aText={The machine is not mutable (state is Running)}, preserve=false aResultDetail=0
00:59:46.610932          ERROR [COM]: aRC=VBOX_E_INVALID_VM_STATE (0x80bb0002) aIID={300763af-5d6b-46e6-aa96-273eac15538a} aComponent={MachineWrap} aText={The machine is not mutable (state is Running)}, preserve=false aResultDetail=0
01:00:28.369422 USBPROXY usbLibGetDevices: Starting USB device enumeration
01:00:28.377925 USBPROXY Getting USB descriptor (id 0) failed (dwErr=31) on hub USB#ROOT_HUB30#4&38d51b6a&0&0#{f18a0e88-c30c-11d0-8815-00a0c906bed8} port 14
01:00:28.378291 USBPROXY usbLibGetDevices: Found 3 USB devices, 0 captured
01:00:31.300759 USBPROXY usbLibGetDevices: Starting USB device enumeration
01:00:31.312686 USBPROXY Getting USB descriptor (id 0) failed (dwErr=31) on hub USB#ROOT_HUB30#4&38d51b6a&0&0#{f18a0e88-c30c-11d0-8815-00a0c906bed8} port 14
01:00:31.313076 USBPROXY usbLibGetDevices: Found 4 USB devices, 0 captured
01:00:35.529670          ERROR [COM]: aRC=VBOX_E_INVALID_VM_STATE (0x80bb0002) aIID={300763af-5d6b-46e6-aa96-273eac15538a} aComponent={SessionMachine} aText={The machine is not mutable (state is Running)}, preserve=false aResultDetail=0
01:00:40.487859          Saving settings file "C:\Users\lnwre\VirtualBox VMs\Windows10\Windows10.vbox" with version "1.19-windows"
01:00:40.491399          Finished saving settings file "C:\Users\lnwre\VirtualBox VMs\Windows10\Windows10.vbox"
01:00:40.519656          ERROR [COM]: aRC=VBOX_E_INVALID_VM_STATE (0x80bb0002) aIID={300763af-5d6b-46e6-aa96-273eac15538a} aComponent={MachineWrap} aText={The machine is not mutable (state is Running)}, preserve=false aResultDetail=0
01:00:40.532611          ERROR [COM]: aRC=VBOX_E_INVALID_VM_STATE (0x80bb0002) aIID={300763af-5d6b-46e6-aa96-273eac15538a} aComponent={MachineWrap} aText={The machine is not mutable (state is Running)}, preserve=false aResultDetail=0
01:02:19.720942 dns-monitor HostDnsMonitor: updating information
01:02:19.720993 dns-monitor HostDnsMonitor: unchanged
01:08:01.931947          Saving settings file "C:\Users\lnwre\VirtualBox VMs\Windows10\Windows10.vbox" with version "1.19-windows"
01:08:01.936658          Finished saving settings file "C:\Users\lnwre\VirtualBox VMs\Windows10\Windows10.vbox"
01:08:01.952383          ERROR [COM]: aRC=VBOX_E_INVALID_VM_STATE (0x80bb0002) aIID={300763af-5d6b-46e6-aa96-273eac15538a} aComponent={MachineWrap} aText={The machine is not mutable (state is Running)}, preserve=false aResultDetail=0
01:08:01.954949          ERROR [COM]: aRC=VBOX_E_INVALID_VM_STATE (0x80bb0002) aIID={300763af-5d6b-46e6-aa96-273eac15538a} aComponent={MachineWrap} aText={The machine is not mutable (state is Running)}, preserve=false aResultDetail=0
01:08:04.402679          Saving settings file "C:\Users\lnwre\VirtualBox VMs\Windows10\Windows10.vbox" with version "1.19-windows"
01:08:04.407646          Finished saving settings file "C:\Users\lnwre\VirtualBox VMs\Windows10\Windows10.vbox"
01:08:04.418814          ERROR [COM]: aRC=VBOX_E_INVALID_VM_STATE (0x80bb0002) aIID={300763af-5d6b-46e6-aa96-273eac15538a} aComponent={MachineWrap} aText={The machine is not mutable (state is Running)}, preserve=false aResultDetail=0
01:08:04.418900          ERROR [COM]: aRC=VBOX_E_INVALID_VM_STATE (0x80bb0002) aIID={300763af-5d6b-46e6-aa96-273eac15538a} aComponent={MachineWrap} aText={The machine is not mutable (state is Running)}, preserve=false aResultDetail=0
01:08:04.777752          Saving settings file "C:\Users\lnwre\VirtualBox VMs\Windows10\Windows10.vbox" with version "1.19-windows"
01:08:04.781978          Finished saving settings file "C:\Users\lnwre\VirtualBox VMs\Windows10\Windows10.vbox"
01:08:04.793079          ERROR [COM]: aRC=VBOX_E_INVALID_VM_STATE (0x80bb0002) aIID={300763af-5d6b-46e6-aa96-273eac15538a} aComponent={MachineWrap} aText={The machine is not mutable (state is Running)}, preserve=false aResultDetail=0
01:08:04.793138          ERROR [COM]: aRC=VBOX_E_INVALID_VM_STATE (0x80bb0002) aIID={300763af-5d6b-46e6-aa96-273eac15538a} aComponent={MachineWrap} aText={The machine is not mutable (state is Running)}, preserve=false aResultDetail=0
01:08:13.979349          Saving settings file "C:\Users\lnwre\VirtualBox VMs\Windows10\Windows10.vbox" with version "1.19-windows"
01:08:13.982938          Finished saving settings file "C:\Users\lnwre\VirtualBox VMs\Windows10\Windows10.vbox"
01:08:13.992820          ERROR [COM]: aRC=VBOX_E_INVALID_VM_STATE (0x80bb0002) aIID={300763af-5d6b-46e6-aa96-273eac15538a} aComponent={MachineWrap} aText={The machine is not mutable (state is Running)}, preserve=false aResultDetail=0
01:08:13.993890          ERROR [COM]: aRC=VBOX_E_INVALID_VM_STATE (0x80bb0002) aIID={300763af-5d6b-46e6-aa96-273eac15538a} aComponent={MachineWrap} aText={The machine is not mutable (state is Running)}, preserve=false aResultDetail=0
01:15:35.114355          Saving settings file "C:\Users\lnwre\VirtualBox VMs\Windows10\Windows10.vbox" with version "1.19-windows"
01:15:35.118273          Finished saving settings file "C:\Users\lnwre\VirtualBox VMs\Windows10\Windows10.vbox"
01:15:35.125295          Saving settings file "C:\Users\lnwre\VirtualBox VMs\Windows10\Windows10.vbox" with version "1.19-windows"
01:15:35.129645          Finished saving settings file "C:\Users\lnwre\VirtualBox VMs\Windows10\Windows10.vbox"
01:15:35.156893          ERROR [COM]: aRC=VBOX_E_INVALID_VM_STATE (0x80bb0002) aIID={300763af-5d6b-46e6-aa96-273eac15538a} aComponent={MachineWrap} aText={The machine is not mutable (state is Running)}, preserve=false aResultDetail=0
01:15:35.157512          ERROR [COM]: aRC=VBOX_E_INVALID_VM_STATE (0x80bb0002) aIID={300763af-5d6b-46e6-aa96-273eac15538a} aComponent={MachineWrap} aText={The machine is not mutable (state is Running)}, preserve=false aResultDetail=0
01:17:14.724898 dns-monitor HostDnsMonitor: updating information
01:17:14.724945 dns-monitor HostDnsMonitor: old information
01:17:14.724950 dns-monitor   server 1: 192.168.1.1
01:17:14.724955 dns-monitor   server 2: 202.28.50.2
01:17:14.724959 dns-monitor   server 3: 202.28.50.9
01:17:14.724963 dns-monitor   server 4: 202.28.50.12
01:17:14.724966 dns-monitor   domain: home
01:17:14.724970 dns-monitor   search string 1: home
01:17:14.724974 dns-monitor   search string 2: ubu.ac.th
01:17:14.724977 dns-monitor HostDnsMonitor: new information
01:17:14.724981 dns-monitor   server 1: 202.28.50.2
01:17:14.724985 dns-monitor   server 2: 202.28.50.9
01:17:14.724988 dns-monitor   server 3: 202.28.50.12
01:17:14.724992 dns-monitor   domain: ubu.ac.th
01:17:14.724995 dns-monitor   no search string entries
01:19:09.192306 dns-monitor HostDnsMonitor: updating information
01:19:09.192349 dns-monitor HostDnsMonitor: old information
01:19:09.192354 dns-monitor   server 1: 202.28.50.2
01:19:09.192359 dns-monitor   server 2: 202.28.50.9
01:19:09.192363 dns-monitor   server 3: 202.28.50.12
01:19:09.192366 dns-monitor   domain: ubu.ac.th
01:19:09.192370 dns-monitor   no search string entries
01:19:09.192374 dns-monitor HostDnsMonitor: new information
01:19:09.192377 dns-monitor   server 1: 192.168.1.1
01:19:09.192381 dns-monitor   server 2: 202.28.50.2
01:19:09.192385 dns-monitor   server 3: 202.28.50.9
01:19:09.192388 dns-monitor   server 4: 202.28.50.12
01:19:09.192392 dns-monitor   domain: home
01:19:09.192396 dns-monitor   search string 1: home
01:19:09.192399 dns-monitor   search string 2: ubu.ac.th
01:29:42.294179          ERROR [COM]: aRC=VBOX_E_INVALID_VM_STATE (0x80bb0002) aIID={300763af-5d6b-46e6-aa96-273eac15538a} aComponent={MachineWrap} aText={The machine is not mutable (state is Stopping)}, preserve=false aResultDetail=0
01:29:42.294246          ERROR [COM]: aRC=VBOX_E_INVALID_VM_STATE (0x80bb0002) aIID={300763af-5d6b-46e6-aa96-273eac15538a} aComponent={MachineWrap} aText={The machine is not mutable (state is Stopping)}, preserve=false aResultDetail=0
01:29:42.306610          Saving settings file "C:\Users\lnwre\VirtualBox VMs\Windows10\Windows10.vbox" with version "1.19-windows"
01:29:42.311117          Finished saving settings file "C:\Users\lnwre\VirtualBox VMs\Windows10\Windows10.vbox"
01:29:42.337387          ERROR [COM]: aRC=VBOX_E_INVALID_VM_STATE (0x80bb0002) aIID={300763af-5d6b-46e6-aa96-273eac15538a} aComponent={MachineWrap} aText={The machine is not mutable (state is PoweredOff)}, preserve=false aResultDetail=0
01:29:42.337701          ERROR [COM]: aRC=VBOX_E_INVALID_VM_STATE (0x80bb0002) aIID={300763af-5d6b-46e6-aa96-273eac15538a} aComponent={MachineWrap} aText={The machine is not mutable (state is PoweredOff)}, preserve=false aResultDetail=0
01:29:43.334676          ERROR [COM]: aRC=VBOX_E_INVALID_VM_STATE (0x80bb0002) aIID={300763af-5d6b-46e6-aa96-273eac15538a} aComponent={MachineWrap} aText={The machine is not mutable (state is PoweredOff)}, preserve=false aResultDetail=0
01:29:43.339774          ERROR [COM]: aRC=VBOX_E_INVALID_VM_STATE (0x80bb0002) aIID={300763af-5d6b-46e6-aa96-273eac15538a} aComponent={MachineWrap} aText={The machine is not mutable (state is PoweredOff)}, preserve=false aResultDetail=0
01:31:51.542397          Saving settings file "C:\Users\lnwre\.VirtualBox\VirtualBox.xml" with version "1.12-windows"
01:31:51.544772          Finished saving settings file "C:\Users\lnwre\.VirtualBox\VirtualBox.xml"
01:31:56.842963          Saving settings file "C:\Users\lnwre\.VirtualBox\VirtualBox.xml" with version "1.12-windows"
01:31:56.846719          Finished saving settings file "C:\Users\lnwre\.VirtualBox\VirtualBox.xml"
01:32:02.698316 main     WM_QUERYENDSESSION: shutdown (0x00000000)
01:32:02.698357 main     No active connections: bActivity = false, lock count = 1
01:32:02.725365 main     WM_ENDSESSION: shutdown (TRUE/0x00000000)
